21:36:26: Creating resource group General
21:36:26: Creating resource group Internal
21:36:26: Creating resource group Autodetect
21:36:26: SceneManagerFactory for type 'DefaultSceneManager' registered.
21:36:26: Registering ResourceManager for type Material
21:36:26: Registering ResourceManager for type Mesh
21:36:26: Registering ResourceManager for type Skeleton
21:36:26: MovableObjectFactory for type 'ParticleSystem' registered.
21:36:26: ArchiveFactory for archive type FileSystem registered.
21:36:26: ArchiveFactory for archive type Zip registered.
21:36:26: ArchiveFactory for archive type EmbeddedZip registered.
21:36:26: DDS codec registering
21:36:26: FreeImage version: 3.15.3
21:36:26: This program uses FreeImage, a free, open source image library supporting all common bitmap formats. See http://freeimage.sourceforge.net for details
21:36:26: Supported formats: bmp,ico,jpg,jif,jpeg,jpe,jng,koa,iff,lbm,mng,pbm,pbm,pcd,pcx,pgm,pgm,png,ppm,ppm,ras,tga,targa,tif,tiff,wap,wbmp,wbm,psd,cut,xbm,xpm,gif,hdr,g3,sgi,exr,j2k,j2c,jp2,pfm,pct,pict,pic
21:36:26: ETC codec registering
21:36:26: Registering ResourceManager for type HighLevelGpuProgram
21:36:26: Registering ResourceManager for type Compositor
21:36:26: MovableObjectFactory for type 'Entity' registered.
21:36:26: MovableObjectFactory for type 'Light' registered.
21:36:26: MovableObjectFactory for type 'BillboardSet' registered.
21:36:26: MovableObjectFactory for type 'ManualObject' registered.
21:36:26: MovableObjectFactory for type 'BillboardChain' registered.
21:36:26: MovableObjectFactory for type 'RibbonTrail' registered.
21:36:26: OGRE EXCEPTION(6:FileNotFoundException): 'plugins.cfg' file not found! in ConfigFile::load at D:\Codes\Ogre\Ogre1.9\OgreMain\src\OgreConfigFile.cpp (line 82)
21:36:26: plugins.cfg not found, automatic plugin loading disabled.
21:36:26: *-*-* OGRE Initialising
21:36:26: *-*-* Version 1.9.0 (Ghadamon)
21:36:26: OGRE EXCEPTION(6:FileNotFoundException): 'ogre.cfg' file not found! in ConfigFile::load at D:\Codes\Ogre\Ogre1.9\OgreMain\src\OgreConfigFile.cpp (line 82)
21:36:26: OGRE EXCEPTION(6:FileNotFoundException): 'resources.cfg' file not found! in ConfigFile::load at D:\Codes\Ogre\Ogre1.9\OgreMain\src\OgreConfigFile.cpp (line 82)
21:36:26: resources.cfg not found, automatic resource loading disabled.
21:36:26: Initialze Ogre failed!
21:36:26: *-*-* OGRE Shutdown
21:36:26: Unregistering ResourceManager for type Compositor
21:36:26: Unregistering ResourceManager for type Skeleton
21:36:26: Unregistering ResourceManager for type Mesh
21:36:26: Unregistering ResourceManager for type HighLevelGpuProgram
21:36:26: Unregistering ResourceManager for type Material
